# JRE version: OpenJDK Runtime Environment Temurin-21.0.4+7 (21.0.4+7) (build 21.0.4+7-LTS)
# Java VM: OpenJDK 64-Bit Server VM Temurin-21.0.4+7 (21.0.4+7-LTS, mixed mode, emulated-client, tiered, compressed oops, compressed class ptrs, g1 gc, windows-amd64)
GC Precious Log:
 CardTable entry size: 512
 Card Set container configuration: InlinePtr #cards 5 size 8 Array Of Cards #cards 12 size 40 Howl #buckets 4 coarsen threshold 1843 Howl Bitmap #cards 512 size 80 coarsen threshold 460 Card regions per heap region 1 cards per card region 2048
 CPUs: 4 total, 4 available
 Memory: 3863M
 Large Page Support: Disabled
 NUMA Support: Disabled
 Compressed Oops: Enabled (32-bit)
 Heap Region Size: 1M
 Heap Min Capacity: 8M
 Heap Initial Capacity: 62M
 Heap Max Capacity: 966M
 Pre-touch: Disabled
 Parallel Workers: 4
 Concurrent Workers: 1
 Concurrent Refinement Workers: 4
 Periodic GC: Disabled
Heap:
 garbage-first heap   total 33792K, used 17161K [0x00000000c3a00000, 0x0000000100000000)
  region size 1024K, 2 young (2048K), 2 survivors (2048K)
 Metaspace       used 40809K, committed 41408K, reserved 1114112K
  class space    used 4985K, committed 5248K, reserved 1048576K
GC Heap History (20 events):
Event: 3.110 GC heap after
{Heap after GC invocations=2 (full 0):
 garbage-first heap   total 63488K, used 6630K [0x00000000c3a00000, 0x0000000100000000)
  region size 1024K, 2 young (2048K), 2 survivors (2048K)
 Metaspace       used 19012K, committed 19328K, reserved 1114112K
  class space    used 1995K, committed 2112K, reserved 1048576K
}
Event: 3.518 GC heap before
{Heap before GC invocations=2 (full 0):
 garbage-first heap   total 63488K, used 16870K [0x00000000c3a00000, 0x0000000100000000)
  region size 1024K, 13 young (13312K), 2 survivors (2048K)
 Metaspace       used 21186K, committed 21504K, reserved 1114112K
  class space    used 2365K, committed 2496K, reserved 1048576K
}
Event: 3.523 GC heap after
{Heap after GC invocations=3 (full 0):
 garbage-first heap   total 63488K, used 7707K [0x00000000c3a00000, 0x0000000100000000)
  region size 1024K, 3 young (3072K), 3 survivors (3072K)
 Metaspace       used 21186K, committed 21504K, reserved 1114112K
  class space    used 2365K, committed 2496K, reserved 1048576K
}
Event: 3.790 GC heap before
{Heap before GC invocations=4 (full 0):
 garbage-first heap   total 27648K, used 19995K [0x00000000c3a00000, 0x0000000100000000)
  region size 1024K, 16 young (16384K), 3 survivors (3072K)
 Metaspace       used 24464K, committed 24832K, reserved 1114112K
  class space    used 2779K, committed 2944K, reserved 1048576K
}
Event: 3.796 GC heap after
{Heap after GC invocations=5 (full 0):
 garbage-first heap   total 27648K, used 8111K [0x00000000c3a00000, 0x0000000100000000)
  region size 1024K, 2 young (2048K), 2 survivors (2048K)
 Metaspace       used 24464K, committed 24832K, reserved 1114112K
  class space    used 2779K, committed 2944K, reserved 1048576K
}
Event: 4.064 GC heap before
{Heap before GC invocations=5 (full 0):
 garbage-first heap   total 27648K, used 18351K [0x00000000c3a00000, 0x0000000100000000)
  region size 1024K, 13 young (13312K), 2 survivors (2048K)
 Metaspace       used 27528K, committed 27968K, reserved 1114112K
  class space    used 3150K, committed 3328K, reserved 1048576K
}
Event: 4.069 GC heap after
{Heap after GC invocations=6 (full 0):
 garbage-first heap   total 27648K, used 9038K [0x00000000c3a00000, 0x0000000100000000)
  region size 1024K, 2 young (2048K), 2 survivors (2048K)
 Metaspace       used 27528K, committed 27968K, reserved 1114112K
  class space    used 3150K, committed 3328K, reserved 1048576K
}
Event: 4.294 GC heap before
{Heap before GC invocations=6 (full 0):
 garbage-first heap   total 27648K, used 19278K [0x00000000c3a00000, 0x0000000100000000)
  region size 1024K, 13 young (13312K), 2 survivors (2048K)
 Metaspace       used 29665K, committed 30080K, reserved 1114112K
  class space    used 3455K, committed 3648K, reserved 1048576K
}
Event: 4.297 GC heap after
{Heap after GC invocations=7 (full 0):
 garbage-first heap   total 27648K, used 10163K [0x00000000c3a00000, 0x0000000100000000)
  region size 1024K, 2 young (2048K), 2 survivors (2048K)
 Metaspace       used 29665K, committed 30080K, reserved 1114112K
  class space    used 3455K, committed 3648K, reserved 1048576K
}
Event: 4.493 GC heap before
{Heap before GC invocations=7 (full 0):
 garbage-first heap   total 27648K, used 20403K [0x00000000c3a00000, 0x0000000100000000)
  region size 1024K, 13 young (13312K), 2 survivors (2048K)
 Metaspace       used 30652K, committed 31040K, reserved 1114112K
  class space    used 3597K, committed 3776K, reserved 1048576K
}
Event: 4.497 GC heap after
{Heap after GC invocations=8 (full 0):
 garbage-first heap   total 33792K, used 11844K [0x00000000c3a00000, 0x0000000100000000)
  region size 1024K, 2 young (2048K), 2 survivors (2048K)
 Metaspace       used 30652K, committed 31040K, reserved 1114112K
  class space    used 3597K, committed 3776K, reserved 1048576K
}
Event: 4.774 GC heap before
{Heap before GC invocations=8 (full 0):
 garbage-first heap   total 33792K, used 25156K [0x00000000c3a00000, 0x0000000100000000)
  region size 1024K, 16 young (16384K), 2 survivors (2048K)
 Metaspace       used 31962K, committed 32320K, reserved 1114112K
  class space    used 3781K, committed 3904K, reserved 1048576K
}
Event: 4.778 GC heap after
{Heap after GC invocations=9 (full 0):
 garbage-first heap   total 33792K, used 13089K [0x00000000c3a00000, 0x0000000100000000)
  region size 1024K, 2 young (2048K), 2 survivors (2048K)
 Metaspace       used 31962K, committed 32320K, reserved 1114112K
  class space    used 3781K, committed 3904K, reserved 1048576K
}
Event: 5.196 GC heap before
{Heap before GC invocations=9 (full 0):
 garbage-first heap   total 33792K, used 26401K [0x00000000c3a00000, 0x0000000100000000)
  region size 1024K, 15 young (15360K), 2 survivors (2048K)
 Metaspace       used 33801K, committed 34176K, reserved 1114112K
  class space    used 4028K, committed 4160K, reserved 1048576K
}
Event: 5.200 GC heap after
{Heap after GC invocations=10 (full 0):
 garbage-first heap   total 33792K, used 13897K [0x00000000c3a00000, 0x0000000100000000)
  region size 1024K, 1 young (1024K), 1 survivors (1024K)
 Metaspace       used 33801K, committed 34176K, reserved 1114112K
  class space    used 4028K, committed 4160K, reserved 1048576K
}
Event: 5.582 GC heap before
{Heap before GC invocations=10 (full 0):
 garbage-first heap   total 33792K, used 23113K [0x00000000c3a00000, 0x0000000100000000)
  region size 1024K, 11 young (11264K), 1 survivors (1024K)
 Metaspace       used 35617K, committed 36096K, reserved 1114112K
  class space    used 4284K, committed 4480K, reserved 1048576K
}
Event: 5.587 GC heap after
{Heap after GC invocations=11 (full 0):
 garbage-first heap   total 33792K, used 14956K [0x00000000c3a00000, 0x0000000100000000)
  region size 1024K, 2 young (2048K), 2 survivors (2048K)
 Metaspace       used 35617K, committed 36096K, reserved 1114112K
  class space    used 4284K, committed 4480K, reserved 1048576K
}
Event: 6.060 GC heap before
{Heap before GC invocations=12 (full 0):
 garbage-first heap   total 33792K, used 27244K [0x00000000c3a00000, 0x0000000100000000)
  region size 1024K, 15 young (15360K), 2 survivors (2048K)
 Metaspace       used 38891K, committed 39424K, reserved 1114112K
  class space    used 4747K, committed 4992K, reserved 1048576K
}
Event: 6.066 GC heap after
{Heap after GC invocations=13 (full 0):
 garbage-first heap   total 33792K, used 16266K [0x00000000c3a00000, 0x0000000100000000)
  region size 1024K, 2 young (2048K), 2 survivors (2048K)
 Metaspace       used 38891K, committed 39424K, reserved 1114112K
  class space    used 4747K, committed 4992K, reserved 1048576K
}
Event: 6.830 GC heap before
{Heap before GC invocations=13 (full 0):
 garbage-first heap   total 33792K, used 27530K [0x00000000c3a00000, 0x0000000100000000)
  region size 1024K, 14 young (14336K), 2 survivors (2048K)
 Metaspace       used 40809K, committed 41408K, reserved 1114112K
  class space    used 4985K, committed 5248K, reserved 1048576K
}

